2026-01-19 06:28:44 [INFO] Application Started
2026-01-19 06:28:44 [INFO] Environment Started
2026-01-19 06:33:01 [INFO] Application Started
2026-01-19 06:33:01 [INFO] Environment Started
2026-01-19 06:34:06 [INFO] Application Started
2026-01-19 06:34:06 [INFO] Environment Started
2026-01-19 06:34:06 [ERROR] Database connection failed: PDO::__construct(): Argument #1 ($dsn) must be a valid data source name
2026-01-19 06:38:57 [INFO] Application Started
2026-01-19 06:38:57 [INFO] Environment Started
2026-01-19 06:38:57 [ERROR] Database connection failed: PDO::__construct(): Argument #1 ($dsn) must be a valid data source name
2026-01-19 06:41:14 [INFO] Application Started
2026-01-19 06:41:14 [INFO] Environment Started
2026-01-19 06:41:14 [ERROR] Database connection failed: SQLSTATE[HY000] [2002] No such file or directory
2026-01-19 06:42:32 [INFO] Application Started
2026-01-19 06:42:32 [INFO] Environment Started
2026-01-19 06:42:32 [INFO] Database connection created
2026-01-20 19:00:35 [INFO] Application Started
2026-01-20 19:00:35 [INFO] Environment Started
2026-01-20 19:00:35 [INFO] Database connection created
2026-01-20 19:01:35 [INFO] Application Started
2026-01-20 19:01:35 [INFO] Environment Started
2026-01-20 19:01:35 [INFO] Database connection created
2026-01-20 19:05:22 [INFO] Application Started
2026-01-20 19:05:22 [INFO] Environment Started
2026-01-20 19:05:22 [INFO] Database connection created
2026-01-20 19:07:35 [INFO] Application Started
2026-01-20 19:07:35 [INFO] Environment Started
2026-01-20 19:07:35 [INFO] Database connection created
2026-01-20 19:08:20 [INFO] Application Started
2026-01-20 19:08:20 [INFO] Environment Started
2026-01-20 19:08:20 [INFO] Database connection created
2026-01-20 19:08:47 [INFO] Application Started
2026-01-20 19:08:47 [INFO] Environment Started
2026-01-20 19:08:47 [INFO] Database connection created
2026-01-20 19:09:04 [INFO] Application Started
2026-01-20 19:09:04 [INFO] Environment Started
2026-01-20 19:09:04 [INFO] Database connection created
2026-01-21 17:34:42 [INFO] Application Started
2026-01-21 17:34:42 [INFO] Environment Started
2026-01-21 17:34:42 [INFO] Database connection created
2026-01-21 17:37:56 [INFO] Application Started
2026-01-21 17:37:56 [INFO] Environment Started
2026-01-21 17:37:56 [INFO] Database connection created
2026-01-21 17:40:10 [INFO] Application Started
2026-01-21 17:40:10 [INFO] Environment Started
2026-01-21 17:40:10 [INFO] Database connection created
2026-01-21 17:41:30 [INFO] Application Started
2026-01-21 17:41:30 [INFO] Environment Started
2026-01-21 17:41:30 [INFO] Database connection created
2026-01-21 17:41:54 [INFO] Application Started
2026-01-21 17:41:54 [INFO] Environment Started
2026-01-21 17:41:54 [INFO] Database connection created
2026-01-21 17:42:30 [INFO] Application Started
2026-01-21 17:42:30 [INFO] Environment Started
2026-01-21 17:42:30 [INFO] Database connection created
2026-01-21 17:43:23 [INFO] Application Started
2026-01-21 17:43:23 [INFO] Environment Started
2026-01-21 17:43:23 [INFO] Database connection created
2026-01-21 17:44:07 [INFO] Application Started
2026-01-21 17:44:07 [INFO] Environment Started
2026-01-21 17:44:07 [INFO] Database connection created
2026-01-21 17:44:16 [INFO] Application Started
2026-01-21 17:44:16 [INFO] Environment Started
2026-01-21 17:44:16 [INFO] Database connection created
2026-01-21 17:45:37 [INFO] Application Started
2026-01-21 17:45:37 [INFO] Environment Started
2026-01-21 17:45:37 [INFO] Database connection created
2026-01-21 17:46:05 [INFO] Application Started
2026-01-21 17:46:05 [INFO] Environment Started
2026-01-21 17:46:05 [INFO] Database connection created
2026-01-21 17:46:42 [INFO] Application Started
2026-01-21 17:46:42 [INFO] Environment Started
2026-01-21 17:46:42 [INFO] Database connection created
2026-01-21 17:47:35 [INFO] Application Started
2026-01-21 17:47:35 [INFO] Environment Started
2026-01-21 17:47:35 [INFO] Database connection created
2026-01-21 17:48:40 [INFO] Application Started
2026-01-21 17:48:40 [INFO] Environment Started
2026-01-21 17:48:40 [INFO] Database connection created
2026-01-21 17:49:24 [INFO] Application Started
2026-01-21 17:49:24 [INFO] Environment Started
2026-01-21 17:49:24 [INFO] Database connection created
2026-01-21 17:50:51 [INFO] Application Started
2026-01-21 17:50:51 [INFO] Environment Started
2026-01-21 17:50:51 [INFO] Database connection created
2026-01-21 17:51:16 [INFO] Application Started
2026-01-21 17:51:16 [INFO] Environment Started
2026-01-21 17:51:16 [INFO] Database connection created
2026-01-21 17:52:28 [INFO] Application Started
2026-01-21 17:52:28 [INFO] Environment Started
2026-01-21 17:52:28 [INFO] Database connection created
2026-01-21 17:52:58 [INFO] Application Started
2026-01-21 17:52:58 [INFO] Environment Started
2026-01-21 17:52:58 [INFO] Database connection created
2026-01-21 17:55:36 [INFO] Application Started
2026-01-21 17:55:36 [INFO] Environment Started
2026-01-21 17:55:36 [INFO] Database connection created
2026-01-21 17:56:53 [INFO] Application Started
2026-01-21 17:56:53 [INFO] Environment Started
2026-01-21 17:56:53 [INFO] Database connection created
2026-01-21 17:58:29 [INFO] Application Started
2026-01-21 17:58:29 [INFO] Environment Started
2026-01-21 17:58:29 [INFO] Database connection created
2026-01-21 18:02:25 [INFO] Application Started
2026-01-21 18:02:25 [INFO] Environment Started
2026-01-21 18:02:25 [INFO] Database connection created
2026-01-21 18:10:12 [INFO] Application Started
2026-01-21 18:10:12 [INFO] Environment Started
2026-01-21 18:10:12 [INFO] Database connection created
2026-01-22 06:32:27 [INFO] Application Started
2026-01-22 06:32:27 [INFO] Environment Started
2026-01-22 06:32:27 [INFO] Database connection created
2026-01-22 06:36:58 [INFO] Application Started
2026-01-22 06:36:58 [INFO] Environment Started
2026-01-22 06:36:58 [INFO] Database connection created
2026-01-22 06:39:54 [INFO] Application Started
2026-01-22 06:39:54 [INFO] Environment Started
2026-01-22 06:39:54 [INFO] Database connection created
2026-01-22 06:40:25 [INFO] Application Started
2026-01-22 06:40:25 [INFO] Environment Started
2026-01-22 06:40:25 [INFO] Database connection created
